


materialPath: C:\Users\lab422\Desktop\SourceSDK\source-sdk-2013\sp\game\mod_hl2\materials
Loading C:\Users\lab422\Desktop\SourceSDK\source-sdk-2013\sp\game\mod_hl2\maps\vmf's\gravity_map_vmfs\maps\map1.vmf
Could not locate 'GameData' key in c:\users\lab422\desktop\sourcesdk\source-sdk-2013\sp\game\mod_hl2\gameinfo.txt
fixing up env_cubemap materials on brush sides...
0...1...2...3...4...5...6...7...8...9...100...1...2...3...4...5...6...7...8...9...10Processing areas...done (0)
Building Faces...done (0)
FixTjuncs...
PruneNodes...
WriteBSP...
done (0)
writing C:\Users\lab422\Desktop\SourceSDK\source-sdk-2013\sp\game\mod_hl2\maps\vmf's\gravity_map_vmfs\maps\map1.prt...Building visibility clusters...
done (0)
Creating default LDR cubemaps for env_cubemap using skybox materials:
   skybox/sky_day01_01*.vmt
 ! Run buildcubemaps in the engine to get the correct cube maps.
Creating default HDR cubemaps for env_cubemap using skybox materials:
   skybox/sky_day01_01*.vmt
 ! Run buildcubemaps in the engine to get the correct cube maps.
Finding displacement neighbors...
Finding lightmap sample positions...
Displacement Alpha : 0...1...2...3...4...5...6...7...8...9...10
Building Physics collision data...
done (0) (2282 bytes)
Placing detail props : 0...1...2...3...4...5...6...7...8...9...10
Compacting texture/material tables...
Reduced 3 texinfos to 3
Reduced 1 texdatas to 1 (31 bytes to 31)
Writing C:\Users\lab422\Desktop\SourceSDK\source-sdk-2013\sp\game\mod_hl2\maps\vmf's\gravity_map_vmfs\maps\map1.bsp
0 seconds elapsed



8 threads
reading c:\users\lab422\desktop\sourcesdk\source-sdk-2013\sp\game\mod_hl2\maps\vmf's\gravity_map_vmfs\maps\map1.bsp
reading c:\users\lab422\desktop\sourcesdk\source-sdk-2013\sp\game\mod_hl2\maps\vmf's\gravity_map_vmfs\maps\map1.prt
   2 portalclusters
   1 numportals
0...1...2...3...4...5...6...7...8...9...100...1...2...3...4...5...6...7...8...9...10Optimized: 0 visible clusters (0.00%)
Total clusters visible: 4
Average clusters visible: 2
Building PAS...
Average clusters audible: 2
visdatasize:24  compressed from 32
writing c:\users\lab422\desktop\sourcesdk\source-sdk-2013\sp\game\mod_hl2\maps\vmf's\gravity_map_vmfs\maps\map1.bsp
0 seconds elapsed



[Reading texlights from 'lights.rad']
[45 texlights parsed from 'lights.rad']

Loading c:\users\lab422\desktop\sourcesdk\source-sdk-2013\sp\game\mod_hl2\maps\vmf's\gravity_map_vmfs\maps\map1.bsp
24 faces
38400 square feet [5529600.00 square inches]
0 Displacements
0 Square Feet [0.00 Square Inches]
24 patches before subdivision
3048 patches after subdivision
0 direct lights
0...1...2...3...4...5...6...7...8...9...100...1...2...3...4...5...6...7...8...9...10transfers 317374, max 224
transfer lists:   2.4 megs
0...1...2...3...4...5...6...7...8...9...10	Bounce #1 added RGB(0, 0, 0)
Build Patch/Sample Hash Table(s).....Done<0.0009 sec>
0...1...2...3...4...5...6...7...8...9...10FinalLightFace Done
0 of 0 (0% of) surface lights went in leaf ambient cubes.
0...1...2...3...4...5...6...7...8...9...10Writing leaf ambient...done
Ready to Finish

Object names       Objects/Maxobjs  Memory / Maxmem  Fullness 
------------       ---------------  ---------------  -------- 
models                   1/1024           48/49152    ( 0.1%) 
brushes                  6/8192           72/98304    ( 0.1%) 
brushsides              36/65536         288/524288   ( 0.1%) 
planes                  36/65536         720/1310720  ( 0.1%) 
vertexes                43/65536         516/786432   ( 0.1%) 
nodes                   17/65536         544/2097152  ( 0.0%) 
texinfos                 3/12288         216/884736   ( 0.0%) 
texdata                  1/2048           32/65536    ( 0.0%) 
dispinfos                0/0               0/0        ( 0.0%) 
disp_verts               0/0               0/0        ( 0.0%) 
disp_tris                0/0               0/0        ( 0.0%) 
disp_lmsamples           0/0               0/0        ( 0.0%) 
faces                   24/65536        1344/3670016  ( 0.0%) 
hdr faces                0/65536           0/3670016  ( 0.0%) 
origfaces                6/65536         336/3670016  ( 0.0%) 
leaves                  19/65536         608/2097152  ( 0.0%) 
leaffaces               24/65536          48/131072   ( 0.0%) 
leafbrushes             10/65536          20/131072   ( 0.0%) 
areas                    2/256            16/2048     ( 0.8%) 
surfedges              120/512000        480/2048000  ( 0.0%) 
edges                   73/256000        292/1024000  ( 0.0%) 
LDR worldlights          0/8192            0/720896   ( 0.0%) 
HDR worldlights          0/8192            0/720896   ( 0.0%) 
leafwaterdata            0/32768           0/393216   ( 0.0%) 
waterstrips              0/32768           0/327680   ( 0.0%) 
waterverts               0/65536           0/786432   ( 0.0%) 
waterindices             0/65536           0/131072   ( 0.0%) 
cubemapsamples           0/1024            0/16384    ( 0.0%) 
overlays                 0/512             0/180224   ( 0.0%) 
LDR lightdata         [variable]      373088/0        ( 0.0%) 
HDR lightdata         [variable]           0/0        ( 0.0%) 
visdata               [variable]          24/16777216 ( 0.0%) 
entdata               [variable]         340/393216   ( 0.1%) 
LDR ambient table       19/65536          76/262144   ( 0.0%) 
HDR ambient table       19/65536          76/262144   ( 0.0%) 
LDR leaf ambient         2/65536          56/1835008  ( 0.0%) 
HDR leaf ambient        19/65536         532/1835008  ( 0.0%) 
occluders                0/0               0/0        ( 0.0%) 
occluder polygons        0/0               0/0        ( 0.0%) 
occluder vert ind        0/0               0/0        ( 0.0%) 
detail props          [variable]           1/12       ( 8.3%) 
static props          [variable]           1/12       ( 8.3%) 
pakfile               [variable]      105647/0        ( 0.0%) 
physics               [variable]        2282/4194304  ( 0.1%) 
physics terrain       [variable]           2/1048576  ( 0.0%) 

Level flags = 0

Total triangle count: 48
Writing c:\users\lab422\desktop\sourcesdk\source-sdk-2013\sp\game\mod_hl2\maps\vmf's\gravity_map_vmfs\maps\map1.bsp
0 seconds elapsed



materialPath: C:\Users\lab422\Desktop\SourceSDK\source-sdk-2013\sp\game\mod_hl2\materials
Loading C:\Users\lab422\Desktop\SourceSDK\source-sdk-2013\sp\game\mod_hl2\maps\vmf's\gravity_map_vmfs\maps\map1.vmf
Could not locate 'GameData' key in c:\users\lab422\desktop\sourcesdk\source-sdk-2013\sp\game\mod_hl2\gameinfo.txt
fixing up env_cubemap materials on brush sides...
0...1...2...3...4...5...6...7...8...9...100...1...2...3...4...5...6...7...8...9...10Processing areas...done (0)
Building Faces...done (0)
FixTjuncs...
PruneNodes...
WriteBSP...
done (0)
writing C:\Users\lab422\Desktop\SourceSDK\source-sdk-2013\sp\game\mod_hl2\maps\vmf's\gravity_map_vmfs\maps\map1.prt...Building visibility clusters...
done (0)
Creating default LDR cubemaps for env_cubemap using skybox materials:
   skybox/sky_day01_01*.vmt
 ! Run buildcubemaps in the engine to get the correct cube maps.
Creating default HDR cubemaps for env_cubemap using skybox materials:
   skybox/sky_day01_01*.vmt
 ! Run buildcubemaps in the engine to get the correct cube maps.
Finding displacement neighbors...
Finding lightmap sample positions...
Displacement Alpha : 0...1...2...3...4...5...6...7...8...9...10
Building Physics collision data...
done (0) (2282 bytes)
Placing detail props : 0...1...2...3...4...5...6...7...8...9...10
Compacting texture/material tables...
Reduced 3 texinfos to 3
Reduced 1 texdatas to 1 (31 bytes to 31)
Writing C:\Users\lab422\Desktop\SourceSDK\source-sdk-2013\sp\game\mod_hl2\maps\vmf's\gravity_map_vmfs\maps\map1.bsp
0 seconds elapsed



8 threads
reading c:\users\lab422\desktop\sourcesdk\source-sdk-2013\sp\game\mod_hl2\maps\vmf's\gravity_map_vmfs\maps\map1.bsp
reading c:\users\lab422\desktop\sourcesdk\source-sdk-2013\sp\game\mod_hl2\maps\vmf's\gravity_map_vmfs\maps\map1.prt
   2 portalclusters
   1 numportals
0...1...2...3...4...5...6...7...8...9...100...1...2...3...4...5...6...7...8...9...10Optimized: 0 visible clusters (0.00%)
Total clusters visible: 4
Average clusters visible: 2
Building PAS...
Average clusters audible: 2
visdatasize:24  compressed from 32
writing c:\users\lab422\desktop\sourcesdk\source-sdk-2013\sp\game\mod_hl2\maps\vmf's\gravity_map_vmfs\maps\map1.bsp
0 seconds elapsed



[Reading texlights from 'lights.rad']
[45 texlights parsed from 'lights.rad']

Loading c:\users\lab422\desktop\sourcesdk\source-sdk-2013\sp\game\mod_hl2\maps\vmf's\gravity_map_vmfs\maps\map1.bsp
24 faces
38400 square feet [5529600.00 square inches]
0 Displacements
0 Square Feet [0.00 Square Inches]
24 patches before subdivision
3048 patches after subdivision
0 direct lights
0...1...2...3...4...5...6...7...8...9...100...1...2...3...4...5...6...7...8...9...10transfers 317374, max 224
transfer lists:   2.4 megs
0...1...2...3...4...5...6...7...8...9...10	Bounce #1 added RGB(0, 0, 0)
Build Patch/Sample Hash Table(s).....Done<0.0009 sec>
0...1...2...3...4...5...6...7...8...9...10FinalLightFace Done
0 of 0 (0% of) surface lights went in leaf ambient cubes.
0...1...2...3...4...5...6...7...8...9...10Writing leaf ambient...done
Ready to Finish

Object names       Objects/Maxobjs  Memory / Maxmem  Fullness 
------------       ---------------  ---------------  -------- 
models                   1/1024           48/49152    ( 0.1%) 
brushes                  6/8192           72/98304    ( 0.1%) 
brushsides              36/65536         288/524288   ( 0.1%) 
planes                  36/65536         720/1310720  ( 0.1%) 
vertexes                43/65536         516/786432   ( 0.1%) 
nodes                   17/65536         544/2097152  ( 0.0%) 
texinfos                 3/12288         216/884736   ( 0.0%) 
texdata                  1/2048           32/65536    ( 0.0%) 
dispinfos                0/0               0/0        ( 0.0%) 
disp_verts               0/0               0/0        ( 0.0%) 
disp_tris                0/0               0/0        ( 0.0%) 
disp_lmsamples           0/0               0/0        ( 0.0%) 
faces                   24/65536        1344/3670016  ( 0.0%) 
hdr faces                0/65536           0/3670016  ( 0.0%) 
origfaces                6/65536         336/3670016  ( 0.0%) 
leaves                  19/65536         608/2097152  ( 0.0%) 
leaffaces               24/65536          48/131072   ( 0.0%) 
leafbrushes             10/65536          20/131072   ( 0.0%) 
areas                    2/256            16/2048     ( 0.8%) 
surfedges              120/512000        480/2048000  ( 0.0%) 
edges                   73/256000        292/1024000  ( 0.0%) 
LDR worldlights          0/8192            0/720896   ( 0.0%) 
HDR worldlights          0/8192            0/720896   ( 0.0%) 
leafwaterdata            0/32768           0/393216   ( 0.0%) 
waterstrips              0/32768           0/327680   ( 0.0%) 
waterverts               0/65536           0/786432   ( 0.0%) 
waterindices             0/65536           0/131072   ( 0.0%) 
cubemapsamples           0/1024            0/16384    ( 0.0%) 
overlays                 0/512             0/180224   ( 0.0%) 
LDR lightdata         [variable]      373088/0        ( 0.0%) 
HDR lightdata         [variable]           0/0        ( 0.0%) 
visdata               [variable]          24/16777216 ( 0.0%) 
entdata               [variable]         340/393216   ( 0.1%) 
LDR ambient table       19/65536          76/262144   ( 0.0%) 
HDR ambient table       19/65536          76/262144   ( 0.0%) 
LDR leaf ambient         2/65536          56/1835008  ( 0.0%) 
HDR leaf ambient        19/65536         532/1835008  ( 0.0%) 
occluders                0/0               0/0        ( 0.0%) 
occluder polygons        0/0               0/0        ( 0.0%) 
occluder vert ind        0/0               0/0        ( 0.0%) 
detail props          [variable]           1/12       ( 8.3%) 
static props          [variable]           1/12       ( 8.3%) 
pakfile               [variable]      105647/0        ( 0.0%) 
physics               [variable]        2282/4194304  ( 0.1%) 
physics terrain       [variable]           2/1048576  ( 0.0%) 

Level flags = 0

Total triangle count: 48
Writing c:\users\lab422\desktop\sourcesdk\source-sdk-2013\sp\game\mod_hl2\maps\vmf's\gravity_map_vmfs\maps\map1.bsp
0 seconds elapsed
