


materialPath: c:\program files (x86)\steam\steamapps\common\portal 2\portal2\materials
Loading C:\Program Files (x86)\Steam\steamapps\common\portal 2\sdk_content\maps\instances\pitkas\lights\light_panel_32x128_warm_med.vmf
ConVarRef gpu_level doesn't point to an existing ConVar
fixing up env_cubemap materials on brush sides...
0...1...2...3...4...5...6...7...8...9...10**** leaked ****
Processing areas...done (0)
Building Faces...done (0)
Chop Details...done (0)
Find Visible Detail Sides...done (0)
Merging details...done (0)
FixTjuncs...
PruneNodes...
WriteBSP...
done (0)
Finding displacement neighbors...
Finding lightmap sample positions...
Displacement Alpha : 0...1...2...3...4...5...6...7...8...9...10
Building Physics collision data...
done (0) (2785 bytes)
Placing detail props : 0...1...2...3...4...5...6...7...8...9...10
Compacting texture/material tables...
Reduced 19 texinfos to 5
Reduced 5 texdatas to 5 (95 bytes to 95)
Writing C:\Program Files (x86)\Steam\steamapps\common\portal 2\sdk_content\maps\instances\pitkas\lights\light_panel_32x128_warm_med.bsp
0 seconds elapsed



4 threads
reading c:\program files (x86)\steam\steamapps\common\portal 2\sdk_content\maps\instances\pitkas\lights\light_panel_32x128_warm_med.bsp
reading c:\program files (x86)\steam\steamapps\common\portal 2\sdk_content\maps\instances\pitkas\lights\light_panel_32x128_warm_med.prt
LoadPortals: couldn't read c:\program files (x86)\steam\steamapps\common\portal 2\sdk_content\maps\instances\pitkas\lights\light_panel_32x128_warm_med.prt
